('SELECT "t1"."id", "t1"."email_address", "t1"."type", "t1"."status", "t1"."sex", "t1"."note" FROM "email" AS "t1" WHERE ("t1"."status" = ?)', ['ready'])
('SELECT "t1"."id", "t1"."email_address", "t1"."type", "t1"."status", "t1"."sex", "t1"."note" FROM "email" AS "t1" WHERE ("t1"."status" = ?)', ['ready'])
('SELECT "t1"."id", "t1"."email_address", "t1"."type", "t1"."status", "t1"."sex", "t1"."note" FROM "email" AS "t1" WHERE ("t1"."status" = ?)', ['ready'])
('INSERT INTO "email" ("email_address", "type", "status", "sex", "note") VALUES (?, ?, ?, ?, ?)', ['beverly.hetrick464@mailsipe.com', 'Uber', 'not_ready', 'male', None])
('SELECT "t1"."id", "t1"."email_address", "t1"."type", "t1"."status", "t1"."sex", "t1"."note" FROM "email" AS "t1" WHERE ("t1"."status" = ?)', ['ready'])
('SELECT "t1"."id", "t1"."email_address", "t1"."type", "t1"."status", "t1"."sex", "t1"."note" FROM "email" AS "t1" WHERE ("t1"."email_address" = ?) LIMIT ? OFFSET ?', ['beverly.hetrick464@mailsipe.com', 1, 0])
('UPDATE "email" SET "email_address" = ?, "type" = ?, "status" = ?, "sex" = ?, "note" = ? WHERE ("email"."id" = ?)', ['beverly.hetrick464@mailsipe.com', 'Uber', 'ready', 'male', None, 2])
('UPDATE "email" SET "note" = ? WHERE ("email"."email_address" = ?)', ['123', 'beverly.hetrick464@mailsipe.com'])
('SELECT "t1"."id", "t1"."email_address", "t1"."type", "t1"."status", "t1"."sex", "t1"."note" FROM "email" AS "t1" WHERE ("t1"."status" = ?)', ['ready'])
('SELECT "t1"."id", "t1"."email_address", "t1"."type", "t1"."status", "t1"."sex", "t1"."note" FROM "email" AS "t1" WHERE (("t1"."type" = ?) AND ("t1"."status" = ?))', ['Uber', 'ready'])
('SELECT "t1"."id", "t1"."email_address", "t1"."type", "t1"."status", "t1"."sex", "t1"."note" FROM "email" AS "t1" WHERE ((("t1"."type" = ?) AND ("t1"."status" = ?)) AND ("t1"."sex" = ?))', ['Uber', 'ready', 'male'])
('SELECT "t1"."id", "t1"."email_address", "t1"."type", "t1"."status", "t1"."sex", "t1"."note" FROM "email" AS "t1" WHERE ("t1"."email_address" = ?) LIMIT ? OFFSET ?', ['beverly.hetrick464@mailsipe.com', 1, 0])
('UPDATE "email" SET "email_address" = ?, "type" = ?, "status" = ?, "sex" = ?, "note" = ? WHERE ("email"."id" = ?)', ['beverly.hetrick464@mailsipe.com', 'Uber', 'in_use', 'male', '123', 2])
('UPDATE "email" SET "status" = ? WHERE ("email"."email_address" = ?)', ['in_use', 2])
('INSERT INTO "email" ("email_address", "type", "status", "sex", "note") VALUES (?, ?, ?, ?, ?)', ['jeremy.neal78@mailsipe.com', 'Uber', 'not_ready', 'female', '1'])
('SELECT "t1"."id", "t1"."email_address", "t1"."type", "t1"."status", "t1"."sex", "t1"."note" FROM "email" AS "t1" WHERE ("t1"."status" = ?)', ['ready'])
('SELECT "t1"."id", "t1"."email_address", "t1"."type", "t1"."status", "t1"."sex", "t1"."note" FROM "email" AS "t1" WHERE ("t1"."email_address" = ?) LIMIT ? OFFSET ?', ['jeremy.neal78@mailsipe.com', 1, 0])
('UPDATE "email" SET "email_address" = ?, "type" = ?, "status" = ?, "sex" = ?, "note" = ? WHERE ("email"."id" = ?)', ['jeremy.neal78@mailsipe.com', 'Lyft', 'ready', 'female', '1', 3])
('SELECT "t1"."id", "t1"."email_address", "t1"."type", "t1"."status", "t1"."sex", "t1"."note" FROM "email" AS "t1" WHERE ("t1"."status" = ?)', ['ready'])
('SELECT "t1"."id", "t1"."email_address", "t1"."type", "t1"."status", "t1"."sex", "t1"."note" FROM "email" AS "t1" WHERE (("t1"."type" = ?) AND ("t1"."status" = ?))', ['Lyft', 'ready'])
('SELECT "t1"."id", "t1"."email_address", "t1"."type", "t1"."status", "t1"."sex", "t1"."note" FROM "email" AS "t1" WHERE ((("t1"."type" = ?) AND ("t1"."status" = ?)) AND ("t1"."sex" = ?))', ['Lyft', 'ready', 'female'])
('SELECT "t1"."id", "t1"."email_address", "t1"."type", "t1"."status", "t1"."sex", "t1"."note" FROM "email" AS "t1" WHERE ("t1"."status" = ?)', ['ready'])
('SELECT "t1"."id", "t1"."email_address", "t1"."type", "t1"."status", "t1"."sex", "t1"."note" FROM "email" AS "t1" WHERE (("t1"."type" = ?) AND ("t1"."status" = ?))', ['Lyft', 'ready'])
